<?xml version="1.0" encoding="UTF-8"?>
<testng-results skipped="0" failed="0" total="1" passed="1">
  <reporter-output>
    <line>
      <![CDATA[Properties files loaded]]>
    </line>
    <line>
      <![CDATA[Properties files loaded]]>
    </line>
    <line>
      <![CDATA[Properties files loaded]]>
    </line>
    <line>
      <![CDATA[Properties files loaded]]>
    </line>
    <line>
      <![CDATA[Properties files loaded]]>
    </line>
    <line>
      <![CDATA[Properties files loaded]]>
    </line>
    <line>
      <![CDATA[Skip sign in button clicked]]>
    </line>
    <line>
      <![CDATA[Menu Icon clicked]]>
    </line>
    <line>
      <![CDATA[Properties files loaded]]>
    </line>
    <line>
      <![CDATA[Properties files loaded]]>
    </line>
    <line>
      <![CDATA[Properties files loaded]]>
    </line>
    <line>
      <![CDATA[Properties files loaded]]>
    </line>
    <line>
      <![CDATA[Properties files loaded]]>
    </line>
    <line>
      <![CDATA[Properties files loaded]]>
    </line>
    <line>
      <![CDATA[Properties files loaded]]>
    </line>
    <line>
      <![CDATA[Properties files loaded]]>
    </line>
    <line>
      <![CDATA[Skip sign in button clicked]]>
    </line>
    <line>
      <![CDATA[Menu Icon clicked]]>
    </line>
    <line>
      <![CDATA[Properties files loaded]]>
    </line>
    <line>
      <![CDATA[Properties files loaded]]>
    </line>
    <line>
      <![CDATA[Properties files loaded]]>
    </line>
  </reporter-output>
  <suite name="Suite" duration-ms="290951" started-at="2020-09-11T14:56:37Z" finished-at="2020-09-11T15:01:28Z">
    <groups>
      <group name="cucumber">
        <method signature="AbstractTestNGCucumberTests.feature(cucumber.api.testng.CucumberFeatureWrapper)[pri:0, instance:com.TestRunner.RunningTest@dfd3711]" name="feature" class="cucumber.api.testng.AbstractTestNGCucumberTests"/>
      </group> <!-- cucumber -->
    </groups>
    <test name="Test" duration-ms="290951" started-at="2020-09-11T14:56:37Z" finished-at="2020-09-11T15:01:28Z">
      <class name="com.TestRunner.RunningTest">
        <test-method status="PASS" signature="setUpClass()[pri:0, instance:com.TestRunner.RunningTest@dfd3711]" name="setUpClass" is-config="true" duration-ms="825" started-at="2020-09-11T07:56:37Z" finished-at="2020-09-11T07:56:37Z">
          <reporter-output>
          </reporter-output>
        </test-method> <!-- setUpClass -->
        <test-method status="PASS" signature="setup()[pri:0, instance:com.TestRunner.RunningTest@dfd3711]" name="setup" is-config="true" duration-ms="55" started-at="2020-09-11T07:56:37Z" finished-at="2020-09-11T07:56:38Z">
          <reporter-output>
          </reporter-output>
        </test-method> <!-- setup -->
        <test-method status="PASS" signature="feature(cucumber.api.testng.CucumberFeatureWrapper)[pri:0, instance:com.TestRunner.RunningTest@dfd3711]" name="feature" duration-ms="288684" started-at="2020-09-11T07:56:38Z" description="Runs Cucumber Feature" data-provider="features" finished-at="2020-09-11T08:01:26Z">
          <params>
            <param index="0">
              <value>
                <![CDATA[Purchase a TV in Amazon mobile application]]>
              </value>
            </param>
          </params>
          <reporter-output>
            <line>
              <![CDATA[Properties files loaded]]>
            </line>
            <line>
              <![CDATA[Properties files loaded]]>
            </line>
            <line>
              <![CDATA[Properties files loaded]]>
            </line>
            <line>
              <![CDATA[Properties files loaded]]>
            </line>
            <line>
              <![CDATA[Properties files loaded]]>
            </line>
            <line>
              <![CDATA[Properties files loaded]]>
            </line>
            <line>
              <![CDATA[Skip sign in button clicked]]>
            </line>
            <line>
              <![CDATA[Menu Icon clicked]]>
            </line>
            <line>
              <![CDATA[Properties files loaded]]>
            </line>
            <line>
              <![CDATA[Properties files loaded]]>
            </line>
            <line>
              <![CDATA[Properties files loaded]]>
            </line>
            <line>
              <![CDATA[Properties files loaded]]>
            </line>
            <line>
              <![CDATA[Properties files loaded]]>
            </line>
            <line>
              <![CDATA[Properties files loaded]]>
            </line>
            <line>
              <![CDATA[Properties files loaded]]>
            </line>
            <line>
              <![CDATA[Properties files loaded]]>
            </line>
            <line>
              <![CDATA[Skip sign in button clicked]]>
            </line>
            <line>
              <![CDATA[Menu Icon clicked]]>
            </line>
            <line>
              <![CDATA[Properties files loaded]]>
            </line>
            <line>
              <![CDATA[Properties files loaded]]>
            </line>
            <line>
              <![CDATA[Properties files loaded]]>
            </line>
          </reporter-output>
        </test-method> <!-- feature -->
        <test-method status="PASS" signature="writeExtentReport()[pri:0, instance:com.TestRunner.RunningTest@dfd3711]" name="writeExtentReport" is-config="true" duration-ms="142" started-at="2020-09-11T08:01:26Z" finished-at="2020-09-11T08:01:27Z">
          <reporter-output>
          </reporter-output>
        </test-method> <!-- writeExtentReport -->
        <test-method status="PASS" signature="tearDownClass()[pri:0, instance:com.TestRunner.RunningTest@dfd3711]" name="tearDownClass" is-config="true" duration-ms="1028" started-at="2020-09-11T08:01:27Z" finished-at="2020-09-11T08:01:28Z">
          <reporter-output>
          </reporter-output>
        </test-method> <!-- tearDownClass -->
      </class> <!-- com.TestRunner.RunningTest -->
    </test> <!-- Test -->
  </suite> <!-- Suite -->
</testng-results>
